2019-04-17 09:18:15 [main] INFO  c.l.SpringBootLoggerApplicationTests - Starting SpringBootLoggerApplicationTests on G1C2ML15525 with PID 11636 (started by M1050806 in C:\Users\M1050806\Documents\workspace-sts-3.8.4.RELEASE\SpringBootLogger)
2019-04-17 09:18:15 [main] INFO  c.l.SpringBootLoggerApplicationTests - No active profile set, falling back to default profiles: default
2019-04-17 09:18:21 [main] INFO  o.s.s.c.ThreadPoolTaskExecutor - Initializing ExecutorService 'applicationTaskExecutor'
2019-04-17 09:18:22 [main] INFO  c.l.SpringBootLoggerApplicationTests - Started SpringBootLoggerApplicationTests in 7.876 seconds (JVM running for 12.307)
2019-04-17 09:18:23 [Thread-3] INFO  o.s.s.c.ThreadPoolTaskExecutor - Shutting down ExecutorService 'applicationTaskExecutor'
2019-04-17 09:19:01 [main] INFO  c.l.SpringBootLoggerApplicationTests - Starting SpringBootLoggerApplicationTests on G1C2ML15525 with PID 3196 (started by M1050806 in C:\Users\M1050806\Documents\workspace-sts-3.8.4.RELEASE\SpringBootLogger)
2019-04-17 09:19:01 [main] INFO  c.l.SpringBootLoggerApplicationTests - No active profile set, falling back to default profiles: default
2019-04-17 09:19:07 [main] INFO  o.s.s.c.ThreadPoolTaskExecutor - Initializing ExecutorService 'applicationTaskExecutor'
2019-04-17 09:19:07 [main] INFO  c.l.SpringBootLoggerApplicationTests - Started SpringBootLoggerApplicationTests in 7.003 seconds (JVM running for 9.982)
2019-04-17 09:19:08 [Thread-3] INFO  o.s.s.c.ThreadPoolTaskExecutor - Shutting down ExecutorService 'applicationTaskExecutor'
2019-04-17 09:21:44 [restartedMain] INFO  c.logger.SpringBootLoggerApplication - Starting SpringBootLoggerApplication on G1C2ML15525 with PID 23952 (C:\Users\M1050806\Documents\workspace-sts-3.8.4.RELEASE\SpringBootLogger\target\classes started by M1050806 in C:\Users\M1050806\Documents\workspace-sts-3.8.4.RELEASE\SpringBootLogger)
2019-04-17 09:21:44 [restartedMain] INFO  c.logger.SpringBootLoggerApplication - No active profile set, falling back to default profiles: default
2019-04-17 09:21:44 [restartedMain] INFO  o.s.b.d.e.DevToolsPropertyDefaultsPostProcessor - Devtools property defaults active! Set 'spring.devtools.add-properties' to 'false' to disable
2019-04-17 09:21:44 [restartedMain] INFO  o.s.b.d.e.DevToolsPropertyDefaultsPostProcessor - For additional web related logging consider setting the 'logging.level.web' property to 'DEBUG'
2019-04-17 09:21:49 [restartedMain] INFO  o.s.b.w.e.tomcat.TomcatWebServer - Tomcat initialized with port(s): 9191 (http)
2019-04-17 09:21:49 [restartedMain] INFO  o.a.catalina.core.StandardService - Starting service [Tomcat]
2019-04-17 09:21:49 [restartedMain] INFO  o.a.catalina.core.StandardEngine - Starting Servlet engine: [Apache Tomcat/9.0.16]
2019-04-17 09:21:49 [restartedMain] INFO  o.a.c.core.AprLifecycleListener - The APR based Apache Tomcat Native library which allows optimal performance in production environments was not found on the java.library.path: [C:\Program Files\Java\jre1.8.0_102\bin;C:\windows\Sun\Java\bin;C:\windows\system32;C:\windows;C:/Program Files/Java/jre1.8.0_102/bin/server;C:/Program Files/Java/jre1.8.0_102/bin;C:/Program Files/Java/jre1.8.0_102/lib/amd64;C:\ProgramData\Oracle\Java\javapath;C:\windows\system32;C:\windows;C:\windows\System32\Wbem;C:\windows\System32\WindowsPowerShell\v1.0\;C:\Program Files (x86)\Microsoft Application Virtualization Client;C:\Program Files\Git\cmd;C:\Program Files\apache-maven-3.5.3-bin\apache-maven-3.5.3\bin;D:\Softwares\sonar-runner-dist-2.4\sonar-runner-2.4\bin;C:\Program Files\RabbitMQ Server\rabbitmq_server-3.7.5\sbin;C:\Program Files\MongoDB\Server\3.4\bin;C:\Users\M1050806\AppData\Local\Microsoft\WindowsApps;;C:\Users\M1050806\AppData\Local\Programs\Microsoft VS Code\bin;D:\Softwares\Spring\sts-bundle\sts-3.8.4.RELEASE;;.]
2019-04-17 09:21:49 [restartedMain] INFO  o.a.c.c.C.[Tomcat].[localhost].[/] - Initializing Spring embedded WebApplicationContext
2019-04-17 09:21:49 [restartedMain] INFO  o.s.web.context.ContextLoader - Root WebApplicationContext: initialization completed in 4910 ms
2019-04-17 09:21:50 [restartedMain] INFO  o.s.s.c.ThreadPoolTaskExecutor - Initializing ExecutorService 'applicationTaskExecutor'
2019-04-17 09:21:50 [restartedMain] INFO  o.s.b.d.a.OptionalLiveReloadServer - LiveReload server is running on port 35729
2019-04-17 09:21:50 [restartedMain] INFO  o.s.b.w.e.tomcat.TomcatWebServer - Tomcat started on port(s): 9191 (http) with context path ''
2019-04-17 09:21:50 [restartedMain] INFO  c.logger.SpringBootLoggerApplication - Started SpringBootLoggerApplication in 6.913 seconds (JVM running for 7.979)
2019-04-17 09:21:50 [restartedMain] ERROR c.logger.SpringBootLoggerApplication - Error message
2019-04-17 09:21:50 [restartedMain] INFO  c.logger.SpringBootLoggerApplication - Info msg
2019-04-17 09:47:57 [Thread-6] INFO  o.s.s.c.ThreadPoolTaskExecutor - Shutting down ExecutorService 'applicationTaskExecutor'
2019-04-17 09:47:58 [restartedMain] INFO  c.logger.SpringBootLoggerApplication - Starting SpringBootLoggerApplication on G1C2ML15525 with PID 23952 (C:\Users\M1050806\Documents\workspace-sts-3.8.4.RELEASE\SpringBootLogger\target\classes started by M1050806 in C:\Users\M1050806\Documents\workspace-sts-3.8.4.RELEASE\SpringBootLogger)
2019-04-17 09:47:58 [restartedMain] INFO  c.logger.SpringBootLoggerApplication - No active profile set, falling back to default profiles: default
2019-04-17 09:47:58 [restartedMain] INFO  o.s.b.w.e.tomcat.TomcatWebServer - Tomcat initialized with port(s): 9191 (http)
2019-04-17 09:47:58 [restartedMain] INFO  o.a.catalina.core.StandardService - Starting service [Tomcat]
2019-04-17 09:47:58 [restartedMain] INFO  o.a.catalina.core.StandardEngine - Starting Servlet engine: [Apache Tomcat/9.0.16]
2019-04-17 09:47:58 [restartedMain] INFO  o.a.c.c.C.[Tomcat].[localhost].[/] - Initializing Spring embedded WebApplicationContext
2019-04-17 09:47:58 [restartedMain] INFO  o.s.web.context.ContextLoader - Root WebApplicationContext: initialization completed in 576 ms
2019-04-17 09:47:58 [restartedMain] INFO  o.s.s.c.ThreadPoolTaskExecutor - Initializing ExecutorService 'applicationTaskExecutor'
2019-04-17 09:47:58 [restartedMain] INFO  o.s.b.d.a.OptionalLiveReloadServer - LiveReload server is running on port 35729
2019-04-17 09:47:58 [restartedMain] INFO  o.s.b.w.e.tomcat.TomcatWebServer - Tomcat started on port(s): 9191 (http) with context path ''
2019-04-17 09:47:58 [restartedMain] INFO  c.logger.SpringBootLoggerApplication - Started SpringBootLoggerApplication in 0.957 seconds (JVM running for 1576.24)
2019-04-17 09:47:59 [restartedMain] INFO  o.s.b.d.a.ConditionEvaluationDeltaLoggingListener - Condition evaluation unchanged
2019-04-17 09:47:59 [restartedMain] ERROR c.logger.SpringBootLoggerApplication - Error message
2019-04-17 09:47:59 [restartedMain] INFO  c.logger.SpringBootLoggerApplication - Info msg
2019-04-17 10:18:39 [main] INFO  c.l.SpringBootLoggerApplicationTests - Starting SpringBootLoggerApplicationTests on G1C2ML15525 with PID 17332 (started by M1050806 in C:\Users\M1050806\Documents\workspace-sts-3.8.4.RELEASE\SpringBootLogger)
2019-04-17 10:18:39 [main] INFO  c.l.SpringBootLoggerApplicationTests - No active profile set, falling back to default profiles: default
2019-04-17 10:18:43 [main] INFO  o.s.s.c.ThreadPoolTaskExecutor - Initializing ExecutorService 'applicationTaskExecutor'
2019-04-17 10:18:43 [main] INFO  c.l.SpringBootLoggerApplicationTests - Started SpringBootLoggerApplicationTests in 5.372 seconds (JVM running for 7.572)
2019-04-17 10:18:44 [Thread-3] INFO  o.s.s.c.ThreadPoolTaskExecutor - Shutting down ExecutorService 'applicationTaskExecutor'
2019-04-17 11:04:27 [main] INFO  c.l.SpringBootLoggerApplicationTests - Starting SpringBootLoggerApplicationTests on G1C2ML15525 with PID 19904 (started by M1050806 in C:\Users\M1050806\Documents\workspace-sts-3.8.4.RELEASE\SpringBootLogger)
2019-04-17 11:04:27 [main] INFO  c.l.SpringBootLoggerApplicationTests - No active profile set, falling back to default profiles: default
2019-04-17 11:04:31 [main] INFO  o.s.s.c.ThreadPoolTaskExecutor - Initializing ExecutorService 'applicationTaskExecutor'
2019-04-17 11:04:32 [main] INFO  c.l.SpringBootLoggerApplicationTests - Started SpringBootLoggerApplicationTests in 6.581 seconds (JVM running for 9.338)
2019-04-17 11:04:33 [Thread-3] INFO  o.s.s.c.ThreadPoolTaskExecutor - Shutting down ExecutorService 'applicationTaskExecutor'
